<?xml version="1.0" encoding="UTF-8"?>
<testsuite name="com.cg.hotelreservation.HotelReservationTest" tests="1" skipped="0" failures="0" errors="0" timestamp="2020-11-18T11:56:33" hostname="DESKTOP-AURK5V2" time="0.006">
  <properties/>
  <testcase name="givenHotelList_WhenCheapestByWeekendAndWeekdayRatesFound_ShouldReturntrue" classname="com.cg.hotelreservation.HotelReservationTest" time="0.006"/>
  <system-out><![CDATA[]]></system-out>
  <system-err><![CDATA[]]></system-err>
</testsuite>
