<?xml version="1.0" encoding="UTF-8"?>
<testsuite name="com.cg.hotelreservation.HotelReservationTest" tests="1" skipped="0" failures="0" errors="0" timestamp="2020-11-18T11:25:08" hostname="DESKTOP-AURK5V2" time="0.003">
  <properties/>
  <testcase name="givenHotelList_ShouldReturnCheapestHotelInGivenDateRange" classname="com.cg.hotelreservation.HotelReservationTest" time="0.003"/>
  <system-out><![CDATA[]]></system-out>
  <system-err><![CDATA[]]></system-err>
</testsuite>
